-------------------------------------------------------------------------------
      name:  <unnamed>
       log:  F:\michael\2023 VERSION\minimum wage paper\log\create_ind_panel_ad
> j.smcl
  log type:  smcl
 opened on:  27 Feb 2023, 13:35:54

. 
. use "$saveaddress_data\merged_ind_panel", clear 

.         keep amt3601 amt3805  busdistmuni_geo buslocmuni_geo busmainplc_geo b
> usprov_geo ///
>  province_geo districtmunicip_geo localmunicip_geo mainplace_geo dateofbirth 
> ///
>  gender idno mainincomesourcecode natureofperson payereferenceno ///
>  periodemployedfrom periodemployedto taxrefno taxyear totalperiodsinyearofass
> essment ///
>  totalperiodsworked passportno certificateno revisionnumber kerr_income kerr_
> emp kerr_emp_inc FYE

.  
. * create individual identifier: code from Marlies Piek: "Set_up_4_march" 
. gen id_new=idno
(2,611,994 missing values generated)

. replace id_new=passportno if id_new==""
variable id_new was str13 now str18
(317,788 real changes made)

. label var id_new "Unique identifer, from SA ID or passport no."

. egen n_id=group(id_new) 
(2,294,206 missing values generated)

. 
. sort idno payeref taxyear

. br idno payeref taxyear

. 
.         destring totalperiodsinyearofassessment, gen(totpy) force
totalperiodsinyearofassessment: contains nonnumeric characters; totpy generated
>  as double
(2294210 missing values generated)

.         replace totpy = abs(totpy)
(0 real changes made)

.         destring totalperiodsworked, gen(totwork) force
totalperiodsworked: contains nonnumeric characters; totwork generated as double
(2294210 missing values generated)

.         replace totwork=abs(totwork) 
(3 real changes made)

.         gen weight = totwork/totpy
(2,294,956 missing values generated)

. 
.         gen paye_next = 0                                                    
>            

.         gen paye_prev = 0 

.                                                                              
>         
.         replace paye_next = 1 if idno == idno[_n+1] & taxyear+1 == taxyear[_n
> +1] & taxyear !=2018 /*see in the next tax year*/
(5,937,082 real changes made)

.                                                                              
>     
.         replace paye_prev = 1 if idno == idno[_n-1] & taxyear-1 == taxyear[_n
> -1] & taxyear !=2010 /*seen in the previous taxyear*/   
(5,937,082 real changes made)

.         
.         cap drop taxyear_start_date

.         gen taxyear_start_date = (monthly(strofreal(taxyear) + "/" + "01", "Y
> M") -12) + 2

. 
.         cap drop taxyear_end_date 

.         gen taxyear_end_date = taxyear_start_date +12

.         
.         cap drop taxyear_start_date_tmp 

.         cap drop taxyear_end_date_tmp 

.         gen taxyear_start_date_tmp =dofm(taxyear_start_date)

.         gen taxyear_end_date_tmp =dofm((taxyear_end_date))-1

.         
.         cap drop taxyear_start_date 

.         cap drop taxyear_end_date 

.         
.         ren taxyear_start_date_tmp taxyear_start_date 

.         format taxyear_start_date %tdDD/NN/CCYY

.         cap ren taxyear_end_date_tmp taxyear_end_date 

.         format taxyear_end_date %tdDD/NN/CCYY

.         
.         gen c_taxyear_start_date =  taxyear_start_date                       

.         gen c_taxyear_end_date =  taxyear_end_date

.     format c_taxyear_start_date %tdDD/NN/CCYY

.         format c_taxyear_end_date %tdDD/NN/CCYY

.         
.         generate days_in_year = c_taxyear_end_date - c_taxyear_start_date

.                                                                              
>                                                            
.                         
.         gen start_imp = taxyear_start_date if weight>=1                      
>         /*Start date for workers working full taxyear or more*/
(2,695,140 missing values generated)

.         gen end_imp = taxyear_end_date if weight>=1                          
>         /*end date for worker working full taxyear or more */
(2,695,140 missing values generated)

.         format start_imp %tdDD/NN/CCYY

.         format end_imp %tdDD/NN/CCYY

.  
. 
.         
. 
. 
.   
.  /***************************************************************************
> ***
>     X.1.1. IMPUTE
> *****************************************************************************
> ***/
.                                                                              
>    
. /****************************************************************************
> **
> Impute only for id's with no-unity weight not seen both previously and after
> Using next period data
> *****************************************************************************
> ***/
.         gen c_start_imp = start_imp
(2,695,140 missing values generated)

.         gen c_end_imp = end_imp
(2,695,140 missing values generated)

.     format c_start_imp %tdDD/NN/CCYY

.         format c_end_imp %tdDD/NN/CCYY

.  
. 
.         sort idno payeref taxyear

. 
.         replace c_end_imp = c_taxyear_start_date[_n+1] -1 if paye_next ==1 & 
> paye_prev == 0 & weight <1 & c_end_imp ==.
(854,001 real changes made)

.         replace c_start_imp = c_end_imp - weight*days_in_year if c_start_imp 
> == . & c_end_imp!=. 
(854,001 real changes made)

. 
.                                                                              
>        /* Using previous period data*/
.         replace c_start_imp = c_taxyear_end_date[_n-1] +1 if paye_prev ==1 & 
> paye_next == 0 & weight<1 & c_start_imp ==.
(341,853 real changes made)

.         replace c_end_imp = c_start_imp + weight*days_in_year if c_end_imp ==
>  . & c_start_imp!=. 
(341,853 real changes made)

.         
. 
.         replace c_start_imp = round(c_start_imp)
(580,119 real changes made)

.         replace c_end_imp = round(c_end_imp)
(214,725 real changes made)

.                                                                              
>                                                                              
>       
. 
. 
. 
. /****************************************************************************
> ***
> Same firm dates work done with old approach to calculate actual days worked. 
> *****************************************************************************
> ***/
.         
.         gen tag_unimp = 1 if weight !=. & c_start_imp == . & c_end_imp == .
(10,983,534 missing values generated)

.         replace tag_unimp = 0 if tag_unimp == .
(10,983,534 real changes made)

.         
.         replace c_start_imp = c_taxyear_start_date if tag_unimp == 1
(1,499,286 real changes made)

.         replace c_end_imp = c_taxyear_end_date if tag_unimp == 1
(1,499,286 real changes made)

.         
. 
.         save "$saveaddress_data\IRP5_imputingweights_fulldata_DELETE1.dta", r
> eplace
file F:\michael\2023 VERSION\minimum wage
    paper\data\\IRP5_imputingweights_fulldata_DELETE1.dta saved

.         forvalues year= 2010/2018 {
  2.         use if taxyear==`year' using "$saveaddress_data\IRP5_imputingweigh
> ts_fulldata_DELETE1.dta", clear 
  3.         rename  amt3601 a3601_income 
  4.         rename c_end_imp ind_end
  5.         rename c_start_imp ind_start
  6.         rename c_taxyear_start_date taxyear_start
  7.         rename c_taxyear_end_date taxyear_end
  8.         
.         capture drop tag_endmissing
  9.                         gen tag_endmissing=1*(ind_end==.)
 10.                         capture drop tag_startmissing
 11.                         gen tag_startmissing=1*(ind_start==.)
 12.                         capture drop tag_startsafter
 13.                         gen tag_startsafter = 1*(taxyear_end<ind_start) 
 14.                         capture drop tag_endsbefore
 15.                         gen tag_endsbefore = 1*(taxyear_start>ind_end)
 16. 
.                         di in red "Clean up ending and starting dates"
 17.                         capture drop ind_end_orig
 18.                         gen ind_end_orig = ind_end
 19.                         capture drop ind_start_orig
 20.                         gen ind_start_orig = ind_start
 21.                         di in red "Replace start and end if start>end"
 22.                         replace ind_end = ind_start_orig if ind_start_orig
> >ind_end_orig
 23.                         replace ind_start = ind_end_orig if ind_end_orig<i
> nd_start_orig
 24. 
.                         di in red "Make dates missing if end and start are ei
> ther after or before start of tax year"
 25.                         replace ind_end = . if tag_endsbefore==1 | tag_sta
> rtsafter==1  
 26.                         replace ind_start = . if tag_endsbefore==1 | tag_s
> tartsafter==1  
 27.                         di in red "Replace dates with date of firms tax ye
> ar end if ends after"
 28.                         replace ind_end = taxyear_end if ind_end>taxyear_e
> nd & ind_end!=.
 29.                         di in red "Replace start date with date of firm st
> art if  person started employment before firm fin statements"
 30.                         replace ind_start = taxyear_start if ind_start<tax
> year_start & ind_start!=. 
 31. 
.                 
. 
.                         capture format %tdDD/NN/CCYY ind_start
 32.                         capture format %tdDD/NN/CCYY ind_end
 33.                         capture format %tdDD/NN/CCYY ind_start_orig
 34.                         capture format %tdDD/NN/CCYY ind_end_orig 
 35.                                                                           
>                                                                              
>          /* FK to SR: What is going on here? */
.                         rename FYE firm_end                                  
>              //for now
 36.                         format %tdDD/NN/CCYY firm_end
 37.                         
.                         
. /****************************************************************************
> ***
> THIS IS A PROBLEM AREA
> *****************************************************************************
> ***/
.                         di in red "Generate firm start and end dates"
 38.                                                                           
>                    /*these dates need to be updated with each inclusion of a 
> leap year*/
.                         
. /* *****************************************************************
>         I1. ISSUE - TO DO 
>         ****************************************************************
>         Write program that auto-generates firm start date from firm end
>         date.
>         
>         Author: FK
> ***************************************************************** */
.              cap drop firm_end_tmp 
 39.                         gen firm_end_tmp = mofd(firm_end)
 40.                         format firm_end_tmp %tmDD/NN/CCYY
 41.                         cap drop firm_start_tmp 
 42.                         gen firm_start_tmp =  firm_end_tmp - 11
 43.                         format firm_start_tmp %tmDD/NN/CCYY
 44.                         gen firm_start = dofm(firm_start_tmp)
 45.                         format firm_start %tdDD/NN/CCYY
 46.                         drop firm_start_tmp firm_end_tmp 
 47. 
.         
. 
. 
.                         di in red "Generate individual in firm data"
 48.                         capture drop indfirm_start
 49.                         gen indfirm_start = firm_start*(firm_start>=ind_st
> art) + ind_start*(ind_start>firm_start)
 50.                         replace indfirm_start = . if ind_end<firm_start
 51.                         replace indfirm_start = . if ind_start>firm_end
 52. 
.                         capture drop indfirm_end
 53.                         gen indfirm_end = firm_end*(firm_end<=ind_end) + i
> nd_end*(ind_end<firm_end)
 54.                         replace indfirm_end = . if ind_end<firm_start
 55.                         replace indfirm_end = . if ind_start>firm_end
 56.                         format %tdDD/NN/CCYY indfirm_end
 57.                         format %tdDD/NN/CCYY indfirm_start
 58. 
.                         di in red "Generate Days Worked and days in firm, day
> s after firm fin year and days before firm fin year" 
 59.                         capture drop  ind_days
 60.                         gen ind_days = ind_end-ind_start+1
 61.                         capture drop  ind_firm
 62.                         gen ind_firm = indfirm_end-indfirm_start+1
 63.                         capture drop  ind_firm_after
 64.                         gen ind_firm_after = ind_end-indfirm_end 
 65.                     *replace ind_firm_after = ind_end-ind_start+1 if ind_e
> nd>firm_start & ind_start>firm_start & ind_firm_after==.
.                         capture drop  ind_firm_before 
 66.                         gen ind_firm_before = indfirm_start - ind_start
 67.                         *replace ind_firm_before = ind_end-ind_start+1 if 
> ind_end<firm_start & ind_start<firm_start & ind_firm_before==. 
. 
.                         di in red "Proportion of time in firm" 
 68.                         capture drop prop_in_firm
 69.                         gen prop_in_firm = ind_firm/ind_days if tag_unimp 
> == 0
 70.                         capture drop prop_before_firm
 71.                         gen prop_before_firm =ind_firm_before/ind_days if 
> tag_unimp == 0
 72.                         capture drop prop_after_firm
 73.                         gen prop_after_firm = ind_firm_after/ind_days if t
> ag_unimp == 0
 74. 
.                         replace prop_after_firm = ind_days/ind_days if ind_st
> art>firm_end & tag_unimp == 0
 75.                         replace prop_before_firm = ind_days/ind_days if in
> d_end<firm_start & tag_unimp == 0 
 76.                         replace prop_after_firm = 0 if prop_after_firm==. 
> & tag_unimp == 0
 77.                         replace prop_before_firm = 0 if prop_before_firm==
> . & tag_unimp == 0
 78.                         /*capture rename  grossnfundincomeamnt grossnretfu
> ndincomeamnt*/
.                         di in red "Generate prop_in_firm, prop_after_firm and
>  prop_before_firm for those with unimputed days but with weights" 
 79.                                 replace prop_in_firm = (ind_firm*weight)/i
> nd_days if tag_unimp == 1
 80.                                 replace prop_before_firm =(ind_firm_before
> *weight)/ind_days if tag_unimp == 1
 81.                                 replace prop_after_firm = (ind_firm_after*
> weight)/ind_days if tag_unimp == 1
 82. 
.                                 replace prop_after_firm = ind_days/ind_days i
> f ind_start>firm_end & tag_unimp == 1
 83.                                 replace prop_before_firm = ind_days/ind_da
> ys if ind_end<firm_start & tag_unimp == 1
 84.                                 replace prop_after_firm = 0 if prop_after_
> firm==. & tag_unimp == 1
 85.                                 replace prop_before_firm = 0 if prop_befor
> e_firm==. & tag_unimp == 1    
 86.                                 
.                                 save "$saveaddress_data\IRP5_`year'_temp_DELE
> TE2.dta", replace 
 87.                                 keep if prop_in_firm<. /*&  prop_in_firm>0
>  */
 88.                                                                           
>                                                                              
>          /* FK to SR: WHY IS THIS COMMENTED OUT??? WHAT IS GOING ON?? */
.                                                                              
>                                                                              
>       /* FK to SR, FK to MK: I have attempted to correct this somewhat only u
> sing the pieterse kerr and 3601 measures.  */ 
.                                                                              
>                                                                              
>               
.                         ds kerr_income  a3601_income                         
>                                                                              
>                               
 89.                         foreach var in `r(varlist)' { 
 90.                                 replace `var' = `var'*prop_in_firm
 91.                         } 
 92.                         
.                         drop prop_before_firm prop_after_firm ind_firm_before
>  ind_firm_after
 93.                         drop if firm_end==. & firm_start==. 
 94.                         save "$saveaddress_data\IRP5_`year'_infirm.dta", r
> eplace 
 95.                         local altbefore = "after"
 96.                         local altafter = "before"
 97.                         foreach reldate in before after { 
 98.                                 use "$saveaddress_data\IRP5_`year'_temp_DE
> LETE2.dta", clear 
 99.                                 keep if prop_`reldate'_firm>0  & prop_`rel
> date'_firm<. 
100.                                 ds kerr_income  a3601_income 
101.                                 
.                                 foreach var in `r(varlist)' { 
102.                                         replace `var' = `var'*prop_`reldat
> e'_firm
103.                                 } 
104.                                 drop prop_in_firm prop_`alt`reldate''_firm
>  ind_firm ind_firm_`alt`reldate'' 
105.                                 gen tag_`reldate'=1 
106.                                 *drop if firm_end==. & firm_start==. 
.                                 save "$saveaddress_data\IRP5_`year'_`reldate'
> .dta", replace                             
107.                         }
108.                 
.         }
Clean up ending and starting dates
Replace start and end if start>end
(0 real changes made)
(0 real changes made)
Make dates missing if end and start are either after or before start of tax yea
> r
(0 real changes made)
(0 real changes made)
Replace dates with date of firms tax year end if ends after
(0 real changes made)
Replace start date with date of firm start if  person started employment before
>  firm fin statements
(0 real changes made)
Generate firm start and end dates
(690,428 missing values generated)
(690,428 missing values generated)
(690,428 missing values generated)
Generate individual in firm data
(690,428 missing values generated)
(0 real changes made)
(377 real changes made, 377 to missing)
(690,428 missing values generated)
(0 real changes made)
(377 real changes made, 377 to missing)
Generate Days Worked and days in firm, days after firm fin year and days before
>  firm fin year
(690,805 missing values generated)
(690,805 missing values generated)
(690,805 missing values generated)
Proportion of time in firm
(791,620 missing values generated)
(791,620 missing values generated)
(791,620 missing values generated)
(366 real changes made)
(690,428 real changes made)
(690,428 real changes made)
(366 real changes made)
Generate prop_in_firm, prop_after_firm and prop_before_firm for those with unim
> puted days but with weights
(100,815 real changes made)
(100,815 real changes made)
(100,815 real changes made)
(11 real changes made)
(0 real changes made)
(0 real changes made)
(11 real changes made)
file F:\michael\2023 VERSION\minimum wage
    paper\data\\IRP5_2010_temp_DELETE2.dta saved
(690,805 observations deleted)
kerr_income   a3601_income
(434,563 real changes made)
(431,022 real changes made)
(0 observations deleted)
file F:\michael\2023 VERSION\minimum wage paper\data\\IRP5_2010_infirm.dta
    saved
(297,951 observations deleted)
kerr_income   a3601_income
(396,460 real changes made)
(393,360 real changes made)
file F:\michael\2023 VERSION\minimum wage paper\data\\IRP5_2010_before.dta
    saved
(1,385,476 observations deleted)
kerr_income   a3601_income
(1,122 real changes made)
(1,121 real changes made)
file F:\michael\2023 VERSION\minimum wage paper\data\\IRP5_2010_after.dta
    saved
Clean up ending and starting dates
Replace start and end if start>end
(0 real changes made)
(0 real changes made)
Make dates missing if end and start are either after or before start of tax yea
> r
(0 real changes made)
(0 real changes made)
Replace dates with date of firms tax year end if ends after
(0 real changes made)
Replace start date with date of firm start if  person started employment before
>  firm fin statements
(0 real changes made)
Generate firm start and end dates
(590,137 missing values generated)
(590,137 missing values generated)
(590,137 missing values generated)
Generate individual in firm data
(590,137 missing values generated)
(3,381 real changes made, 3,381 to missing)
(322 real changes made, 322 to missing)
(590,137 missing values generated)
(3,381 real changes made, 3,381 to missing)
(322 real changes made, 322 to missing)
Generate Days Worked and days in firm, days after firm fin year and days before
>  firm fin year
(593,840 missing values generated)
(593,840 missing values generated)
(593,840 missing values generated)
Proportion of time in firm
(711,694 missing values generated)
(711,694 missing values generated)
(711,694 missing values generated)
(310 real changes made)
(593,518 real changes made)
(593,518 real changes made)
(310 real changes made)
Generate prop_in_firm, prop_after_firm and prop_before_firm for those with unim
> puted days but with weights
(117,854 real changes made)
(117,854 real changes made)
(117,854 real changes made)
(12 real changes made)
(0 real changes made)
(0 real changes made)
(12 real changes made)
file F:\michael\2023 VERSION\minimum wage
    paper\data\\IRP5_2011_temp_DELETE2.dta saved
(593,840 observations deleted)
kerr_income   a3601_income
(456,113 real changes made)
(452,178 real changes made)
(0 observations deleted)
file F:\michael\2023 VERSION\minimum wage paper\data\\IRP5_2011_infirm.dta
    saved
(388,520 observations deleted)
kerr_income   a3601_income
(402,996 real changes made)
(399,703 real changes made)
file F:\michael\2023 VERSION\minimum wage paper\data\\IRP5_2011_before.dta
    saved
(1,384,634 observations deleted)
kerr_income   a3601_income
(2,024 real changes made)
(2,023 real changes made)
file F:\michael\2023 VERSION\minimum wage paper\data\\IRP5_2011_after.dta
    saved
Clean up ending and starting dates
Replace start and end if start>end
(0 real changes made)
(0 real changes made)
Make dates missing if end and start are either after or before start of tax yea
> r
(0 real changes made)
(0 real changes made)
Replace dates with date of firms tax year end if ends after
(0 real changes made)
Replace start date with date of firm start if  person started employment before
>  firm fin statements
(0 real changes made)
Generate firm start and end dates
(357,639 missing values generated)
(357,639 missing values generated)
(357,639 missing values generated)
Generate individual in firm data
(357,639 missing values generated)
(6,650 real changes made, 6,650 to missing)
(183 real changes made, 183 to missing)
(357,639 missing values generated)
(6,650 real changes made, 6,650 to missing)
(183 real changes made, 183 to missing)
Generate Days Worked and days in firm, days after firm fin year and days before
>  firm fin year
(364,472 missing values generated)
(364,472 missing values generated)
(364,472 missing values generated)
Proportion of time in firm
(514,382 missing values generated)
(514,382 missing values generated)
(514,382 missing values generated)
(182 real changes made)
(364,289 real changes made)
(364,289 real changes made)
(182 real changes made)
Generate prop_in_firm, prop_after_firm and prop_before_firm for those with unim
> puted days but with weights
(149,910 real changes made)
(149,910 real changes made)
(149,910 real changes made)
(1 real change made)
(0 real changes made)
(0 real changes made)
(1 real change made)
file F:\michael\2023 VERSION\minimum wage
    paper\data\\IRP5_2012_temp_DELETE2.dta saved
(364,472 observations deleted)
kerr_income   a3601_income
(639,319 real changes made)
(633,986 real changes made)
(0 observations deleted)
file F:\michael\2023 VERSION\minimum wage paper\data\\IRP5_2012_infirm.dta
    saved
(439,002 observations deleted)
kerr_income   a3601_income
(580,183 real changes made)
(575,463 real changes made)
file F:\michael\2023 VERSION\minimum wage paper\data\\IRP5_2012_before.dta
    saved
(1,384,890 observations deleted)
kerr_income   a3601_income
(1,907 real changes made)
(1,906 real changes made)
file F:\michael\2023 VERSION\minimum wage paper\data\\IRP5_2012_after.dta
    saved
Clean up ending and starting dates
Replace start and end if start>end
(0 real changes made)
(0 real changes made)
Make dates missing if end and start are either after or before start of tax yea
> r
(0 real changes made)
(0 real changes made)
Replace dates with date of firms tax year end if ends after
(0 real changes made)
Replace start date with date of firm start if  person started employment before
>  firm fin statements
(0 real changes made)
Generate firm start and end dates
(154,903 missing values generated)
(154,903 missing values generated)
(154,903 missing values generated)
Generate individual in firm data
(154,903 missing values generated)
(10,633 real changes made, 10,633 to missing)
(199 real changes made, 199 to missing)
(154,903 missing values generated)
(10,633 real changes made, 10,633 to missing)
(199 real changes made, 199 to missing)
Generate Days Worked and days in firm, days after firm fin year and days before
>  firm fin year
(165,735 missing values generated)
(165,735 missing values generated)
(165,735 missing values generated)
Proportion of time in firm
(326,256 missing values generated)
(326,256 missing values generated)
(326,256 missing values generated)
(193 real changes made)
(165,536 real changes made)
(165,536 real changes made)
(193 real changes made)
Generate prop_in_firm, prop_after_firm and prop_before_firm for those with unim
> puted days but with weights
(160,521 real changes made)
(160,521 real changes made)
(160,521 real changes made)
(6 real changes made)
(0 real changes made)
(0 real changes made)
(6 real changes made)
file F:\michael\2023 VERSION\minimum wage
    paper\data\\IRP5_2013_temp_DELETE2.dta saved
(165,735 observations deleted)
kerr_income   a3601_income
(759,156 real changes made)
(752,925 real changes made)
(0 observations deleted)
file F:\michael\2023 VERSION\minimum wage paper\data\\IRP5_2013_infirm.dta
    saved
(527,748 observations deleted)
kerr_income   a3601_income
(690,642 real changes made)
(684,844 real changes made)
file F:\michael\2023 VERSION\minimum wage paper\data\\IRP5_2013_before.dta
    saved
(1,384,340 observations deleted)
kerr_income   a3601_income
(2,441 real changes made)
(2,436 real changes made)
file F:\michael\2023 VERSION\minimum wage paper\data\\IRP5_2013_after.dta
    saved
Clean up ending and starting dates
Replace start and end if start>end
(0 real changes made)
(0 real changes made)
Make dates missing if end and start are either after or before start of tax yea
> r
(0 real changes made)
(0 real changes made)
Replace dates with date of firms tax year end if ends after
(0 real changes made)
Replace start date with date of firm start if  person started employment before
>  firm fin statements
(0 real changes made)
Generate firm start and end dates
(88,725 missing values generated)
(88,725 missing values generated)
(88,725 missing values generated)
Generate individual in firm data
(88,725 missing values generated)
(8,938 real changes made, 8,938 to missing)
(0 real changes made)
(88,725 missing values generated)
(8,938 real changes made, 8,938 to missing)
(0 real changes made)
Generate Days Worked and days in firm, days after firm fin year and days before
>  firm fin year
(97,663 missing values generated)
(97,663 missing values generated)
(97,663 missing values generated)
Proportion of time in firm
(274,239 missing values generated)
(274,239 missing values generated)
(274,239 missing values generated)
(0 real changes made)
(97,663 real changes made)
(97,663 real changes made)
(0 real changes made)
Generate prop_in_firm, prop_after_firm and prop_before_firm for those with unim
> puted days but with weights
(176,576 real changes made)
(176,576 real changes made)
(176,576 real changes made)
(0 real changes made)
(0 real changes made)
(0 real changes made)
(0 real changes made)
file F:\michael\2023 VERSION\minimum wage
    paper\data\\IRP5_2014_temp_DELETE2.dta saved
(97,663 observations deleted)
kerr_income   a3601_income
(791,879 real changes made)
(786,048 real changes made)
(0 observations deleted)
file F:\michael\2023 VERSION\minimum wage paper\data\\IRP5_2014_infirm.dta
    saved
(566,489 observations deleted)
kerr_income   a3601_income
(720,524 real changes made)
(715,209 real changes made)
file F:\michael\2023 VERSION\minimum wage paper\data\\IRP5_2014_before.dta
    saved
(1,384,098 observations deleted)
kerr_income   a3601_income
(2,881 real changes made)
(2,875 real changes made)
file F:\michael\2023 VERSION\minimum wage paper\data\\IRP5_2014_after.dta
    saved
Clean up ending and starting dates
Replace start and end if start>end
(0 real changes made)
(0 real changes made)
Make dates missing if end and start are either after or before start of tax yea
> r
(0 real changes made)
(0 real changes made)
Replace dates with date of firms tax year end if ends after
(0 real changes made)
Replace start date with date of firm start if  person started employment before
>  firm fin statements
(0 real changes made)
Generate firm start and end dates
(46,977 missing values generated)
(46,977 missing values generated)
(46,977 missing values generated)
Generate individual in firm data
(46,977 missing values generated)
(10,503 real changes made, 10,503 to missing)
(1 real change made, 1 to missing)
(46,977 missing values generated)
(10,503 real changes made, 10,503 to missing)
(1 real change made, 1 to missing)
Generate Days Worked and days in firm, days after firm fin year and days before
>  firm fin year
(57,481 missing values generated)
(57,481 missing values generated)
(57,481 missing values generated)
Proportion of time in firm
(241,956 missing values generated)
(241,956 missing values generated)
(241,956 missing values generated)
(1 real change made)
(57,480 real changes made)
(57,480 real changes made)
(1 real change made)
Generate prop_in_firm, prop_after_firm and prop_before_firm for those with unim
> puted days but with weights
(184,475 real changes made)
(184,475 real changes made)
(184,475 real changes made)
(0 real changes made)
(0 real changes made)
(0 real changes made)
(0 real changes made)
file F:\michael\2023 VERSION\minimum wage
    paper\data\\IRP5_2015_temp_DELETE2.dta saved
(57,481 observations deleted)
kerr_income   a3601_income
(834,853 real changes made)
(828,193 real changes made)
(0 observations deleted)
file F:\michael\2023 VERSION\minimum wage paper\data\\IRP5_2015_infirm.dta
    saved
(561,019 observations deleted)
kerr_income   a3601_income
(760,176 real changes made)
(754,176 real changes made)
file F:\michael\2023 VERSION\minimum wage paper\data\\IRP5_2015_before.dta
    saved
(1,383,078 observations deleted)
kerr_income   a3601_income
(3,898 real changes made)
(3,894 real changes made)
file F:\michael\2023 VERSION\minimum wage paper\data\\IRP5_2015_after.dta
    saved
Clean up ending and starting dates
Replace start and end if start>end
(0 real changes made)
(0 real changes made)
Make dates missing if end and start are either after or before start of tax yea
> r
(0 real changes made)
(0 real changes made)
Replace dates with date of firms tax year end if ends after
(0 real changes made)
Replace start date with date of firm start if  person started employment before
>  firm fin statements
(0 real changes made)
Generate firm start and end dates
Generate individual in firm data
(11,154 real changes made, 11,154 to missing)
(161 real changes made, 161 to missing)
(11,154 real changes made, 11,154 to missing)
(161 real changes made, 161 to missing)
Generate Days Worked and days in firm, days after firm fin year and days before
>  firm fin year
(11,315 missing values generated)
(11,315 missing values generated)
(11,315 missing values generated)
Proportion of time in firm
(220,133 missing values generated)
(220,133 missing values generated)
(220,133 missing values generated)
(155 real changes made)
(11,154 real changes made)
(11,154 real changes made)
(155 real changes made)
Generate prop_in_firm, prop_after_firm and prop_before_firm for those with unim
> puted days but with weights
(208,818 real changes made)
(208,818 real changes made)
(208,818 real changes made)
(6 real changes made)
(0 real changes made)
(0 real changes made)
(6 real changes made)
file F:\michael\2023 VERSION\minimum wage
    paper\data\\IRP5_2016_temp_DELETE2.dta saved
(11,315 observations deleted)
kerr_income   a3601_income
(870,922 real changes made)
(863,894 real changes made)
(0 observations deleted)
file F:\michael\2023 VERSION\minimum wage paper\data\\IRP5_2016_infirm.dta
    saved
(570,311 observations deleted)
kerr_income   a3601_income
(797,024 real changes made)
(790,505 real changes made)
file F:\michael\2023 VERSION\minimum wage paper\data\\IRP5_2016_before.dta
    saved
(1,382,095 observations deleted)
kerr_income   a3601_income
(4,716 real changes made)
(4,674 real changes made)
file F:\michael\2023 VERSION\minimum wage paper\data\\IRP5_2016_after.dta
    saved
Clean up ending and starting dates
Replace start and end if start>end
(0 real changes made)
(0 real changes made)
Make dates missing if end and start are either after or before start of tax yea
> r
(0 real changes made)
(0 real changes made)
Replace dates with date of firms tax year end if ends after
(0 real changes made)
Replace start date with date of firm start if  person started employment before
>  firm fin statements
(0 real changes made)
Generate firm start and end dates
(24,254 missing values generated)
(24,254 missing values generated)
(24,254 missing values generated)
Generate individual in firm data
(24,254 missing values generated)
(17,921 real changes made, 17,921 to missing)
(0 real changes made)
(24,254 missing values generated)
(17,921 real changes made, 17,921 to missing)
(0 real changes made)
Generate Days Worked and days in firm, days after firm fin year and days before
>  firm fin year
(42,175 missing values generated)
(42,175 missing values generated)
(42,175 missing values generated)
Proportion of time in firm
(244,617 missing values generated)
(244,617 missing values generated)
(244,617 missing values generated)
(0 real changes made)
(42,175 real changes made)
(42,175 real changes made)
(0 real changes made)
Generate prop_in_firm, prop_after_firm and prop_before_firm for those with unim
> puted days but with weights
(202,442 real changes made)
(202,442 real changes made)
(202,442 real changes made)
(0 real changes made)
(0 real changes made)
(0 real changes made)
(0 real changes made)
file F:\michael\2023 VERSION\minimum wage
    paper\data\\IRP5_2017_temp_DELETE2.dta saved
(42,175 observations deleted)
kerr_income   a3601_income
(843,081 real changes made)
(836,460 real changes made)
(0 observations deleted)
file F:\michael\2023 VERSION\minimum wage paper\data\\IRP5_2017_infirm.dta
    saved
(566,620 observations deleted)
kerr_income   a3601_income
(769,797 real changes made)
(763,623 real changes made)
file F:\michael\2023 VERSION\minimum wage paper\data\\IRP5_2017_before.dta
    saved
(1,381,590 observations deleted)
kerr_income   a3601_income
(5,390 real changes made)
(5,356 real changes made)
file F:\michael\2023 VERSION\minimum wage paper\data\\IRP5_2017_after.dta
    saved
Clean up ending and starting dates
Replace start and end if start>end
(0 real changes made)
(0 real changes made)
Make dates missing if end and start are either after or before start of tax yea
> r
(0 real changes made)
(0 real changes made)
Replace dates with date of firms tax year end if ends after
(0 real changes made)
Replace start date with date of firm start if  person started employment before
>  firm fin statements
(0 real changes made)
Generate firm start and end dates
(341,143 missing values generated)
(341,143 missing values generated)
(341,143 missing values generated)
Generate individual in firm data
(341,143 missing values generated)
(17,345 real changes made, 17,345 to missing)
(0 real changes made)
(341,143 missing values generated)
(17,345 real changes made, 17,345 to missing)
(0 real changes made)
Generate Days Worked and days in firm, days after firm fin year and days before
>  firm fin year
(358,488 missing values generated)
(358,488 missing values generated)
(358,488 missing values generated)
Proportion of time in firm
(556,327 missing values generated)
(556,327 missing values generated)
(556,327 missing values generated)
(0 real changes made)
(358,488 real changes made)
(358,488 real changes made)
(0 real changes made)
Generate prop_in_firm, prop_after_firm and prop_before_firm for those with unim
> puted days but with weights
(197,839 real changes made)
(197,839 real changes made)
(197,839 real changes made)
(0 real changes made)
(0 real changes made)
(0 real changes made)
(0 real changes made)
file F:\michael\2023 VERSION\minimum wage
    paper\data\\IRP5_2018_temp_DELETE2.dta saved
(358,488 observations deleted)
kerr_income   a3601_income
(622,734 real changes made)
(618,558 real changes made)
(0 observations deleted)
file F:\michael\2023 VERSION\minimum wage paper\data\\IRP5_2018_infirm.dta
    saved
(506,104 observations deleted)
kerr_income   a3601_income
(520,417 real changes made)
(517,072 real changes made)
file F:\michael\2023 VERSION\minimum wage paper\data\\IRP5_2018_before.dta
    saved
(1,381,957 observations deleted)
kerr_income   a3601_income
(5,022 real changes made)
(4,988 real changes made)
file F:\michael\2023 VERSION\minimum wage paper\data\\IRP5_2018_after.dta
    saved

.         
.         
.          forvalues year= 2010/2018 { 
  2.                                 use "$saveaddress_data\IRP5_`year'_infirm.
> dta", clear 
  3.                                 local pre = `year'-1 
  4.                                 local post =`year'+1
  5.                                 capture   confirm file "$saveaddress_data\
> IRP5_`post'_before.dta"
  6.                                 if _rc==0 {
  7.                                         append using "$saveaddress_data\IR
> P5_`post'_before.dta", force
  8.                                 }
  9.                                 capture   confirm file "$saveaddress_data\
> IRP5_`pre'_after.dta" 
 10.                                 if  _rc==0 { 
 11.                                         append using "$saveaddress_data\IR
> P5_`pre'_after.dta", force
 12.                                 }
 13.                                 ren taxyear old_taxyear 
 14.                                 gen taxyear = `year'
 15.                                 
.                                 preserve 
 16.                                 
.                use "$citirp5_v4" , clear 
 17.                keep if taxyear ==`year'
 18.                tempfile cit
 19.                save `cit'
 20.                restore 
 21.                merge m:1 taxrefno taxyear using `cit'
 22. 
.                  keep if _merge==3 
 23.                                 save "$saveaddress_data\merged_`year'.dta"
> , replace 
 24.         }
(8,034,529 observations deleted)
file D:\statatemp\ST_5530_000002.tmp saved as .dta format

    Result                           # of obs.
    -----------------------------------------
    not matched                     1,326,271
        from master                   591,314  (_merge==1)
        from using                    734,957  (_merge==2)

    matched                         1,103,321  (_merge==3)
    -----------------------------------------
(1,326,271 observations deleted)
file F:\michael\2023 VERSION\minimum wage paper\data\\merged_2010.dta saved
(8,031,757 observations deleted)
file D:\statatemp\ST_5530_000004.tmp saved as .dta format

    Result                           # of obs.
    -----------------------------------------
    not matched                     1,093,756
        from master                   358,762  (_merge==1)
        from using                    734,994  (_merge==2)

    matched                         1,383,860  (_merge==3)
    -----------------------------------------
(1,093,756 observations deleted)
file F:\michael\2023 VERSION\minimum wage paper\data\\merged_2011.dta saved
(7,975,860 observations deleted)
file D:\statatemp\ST_5530_000006.tmp saved as .dta format

    Result                           # of obs.
    -----------------------------------------
    not matched                       949,930
        from master                   158,839  (_merge==1)
        from using                    791,091  (_merge==2)

    matched                         1,725,247  (_merge==3)
    -----------------------------------------
(949,930 observations deleted)
file F:\michael\2023 VERSION\minimum wage paper\data\\merged_2012.dta saved
(7,956,202 observations deleted)
file D:\statatemp\ST_5530_000008.tmp saved as .dta format

    Result                           # of obs.
    -----------------------------------------
    not matched                       895,624
        from master                    89,094  (_merge==1)
        from using                    806,530  (_merge==2)

    matched                         1,954,732  (_merge==3)
    -----------------------------------------
(895,624 observations deleted)
file F:\michael\2023 VERSION\minimum wage paper\data\\merged_2013.dta saved
(7,933,350 observations deleted)
file D:\statatemp\ST_5530_00000a.tmp saved as .dta format

    Result                           # of obs.
    -----------------------------------------
    not matched                       877,577
        from master                    48,349  (_merge==1)
        from using                    829,228  (_merge==2)

    matched                         2,069,569  (_merge==3)
    -----------------------------------------
(877,577 observations deleted)
file F:\michael\2023 VERSION\minimum wage paper\data\\merged_2014.dta saved
(7,915,908 observations deleted)
file D:\statatemp\ST_5530_00000c.tmp saved as .dta format

    Result                           # of obs.
    -----------------------------------------
    not matched                       846,958
        from master                       414  (_merge==1)
        from using                    846,544  (_merge==2)

    matched                         2,148,636  (_merge==3)
    -----------------------------------------
(846,958 observations deleted)
file F:\michael\2023 VERSION\minimum wage paper\data\\merged_2015.dta saved
(7,871,229 observations deleted)
file D:\statatemp\ST_5530_00000e.tmp saved as .dta format

    Result                           # of obs.
    -----------------------------------------
    not matched                       916,824
        from master                    25,487  (_merge==1)
        from using                    891,337  (_merge==2)

    matched                         2,174,440  (_merge==3)
    -----------------------------------------
(916,824 observations deleted)
file F:\michael\2023 VERSION\minimum wage paper\data\\merged_2016.dta saved
(7,880,874 observations deleted)
file D:\statatemp\ST_5530_00000g.tmp saved as .dta format

    Result                           # of obs.
    -----------------------------------------
    not matched                     1,223,793
        from master                   341,564  (_merge==1)
        from using                    882,229  (_merge==2)

    matched                         1,889,002  (_merge==3)
    -----------------------------------------
(1,223,793 observations deleted)
file F:\michael\2023 VERSION\minimum wage paper\data\\merged_2017.dta saved
(8,000,752 observations deleted)
file D:\statatemp\ST_5530_00000i.tmp saved as .dta format

    Result                           # of obs.
    -----------------------------------------
    not matched                       766,336
        from master                       155  (_merge==1)
        from using                    766,181  (_merge==2)

    matched                         1,033,727  (_merge==3)
    -----------------------------------------
(766,336 observations deleted)
file F:\michael\2023 VERSION\minimum wage paper\data\\merged_2018.dta saved

.         
.         use "$saveaddress_data\merged_2018", clear 

. forval i = 2017(-1)2010{
  2. append using "$saveaddress_data\merged_`i'.dta"
  3. }
(label _merge already defined)
(label ImpExpIndicator already defined)
(label subactivity already defined)
(label sezloc already defined)
(label yes_no already defined)
(label taxprac_ind already defined)
(label c_pymntelmn already defined)
(label c_mkelection already defined)
(label c_pyannmnthprm already defined)
(label c_sllsebckagr already defined)
(label c_crssbrdrtrns already defined)
(label c_fnclssres already defined)
(label tpsi_chtpdind already defined)
(label tpsi_afcpind already defined)
(label c_crdtdrctr already defined)
(label c_rotpymnts already defined)
(label c_chngmrktbleq already defined)
(label c_empdireqty already defined)
(label c_rrngmntinctxact already defined)
(label c_rcvbnftinctxact already defined)
(label c_cmpnymnngact already defined)
(label c_cmmssnemp already defined)
(label c_empexptr already defined)
(label c_rcvgfts already defined)
(label c_prchsgngcncrn already defined)
(label c_rd_gvtgrnt already defined)
(label c_rd_qstndst already defined)
(label c_trctns42_47 already defined)
(label c_ffshrsstnc already defined)
(label c_shrtins already defined)
(label sic_5d already defined)
(label sic_1d already defined)
(label sic_2d already defined)
(label sic_3d already defined)
(label sic_4d already defined)
(label majordivision_labeled already defined)
(label division_labeled already defined)
(label majorgroup_labeled already defined)
(label group_labeled already defined)
(label subgroup_labeled already defined)
(label mne_type already defined)
(label province already defined)
(label _merge already defined)
(label ImpExpIndicator already defined)
(label subactivity already defined)
(label sezloc already defined)
(label yes_no already defined)
(label taxprac_ind already defined)
(label c_pymntelmn already defined)
(label c_mkelection already defined)
(label c_pyannmnthprm already defined)
(label c_sllsebckagr already defined)
(label c_crssbrdrtrns already defined)
(label c_fnclssres already defined)
(label tpsi_chtpdind already defined)
(label tpsi_afcpind already defined)
(label c_crdtdrctr already defined)
(label c_rotpymnts already defined)
(label c_chngmrktbleq already defined)
(label c_empdireqty already defined)
(label c_rrngmntinctxact already defined)
(label c_rcvbnftinctxact already defined)
(label c_cmpnymnngact already defined)
(label c_cmmssnemp already defined)
(label c_empexptr already defined)
(label c_rcvgfts already defined)
(label c_prchsgngcncrn already defined)
(label c_rd_gvtgrnt already defined)
(label c_rd_qstndst already defined)
(label c_trctns42_47 already defined)
(label c_ffshrsstnc already defined)
(label c_shrtins already defined)
(label sic_5d already defined)
(label sic_1d already defined)
(label sic_2d already defined)
(label sic_3d already defined)
(label sic_4d already defined)
(label majordivision_labeled already defined)
(label division_labeled already defined)
(label majorgroup_labeled already defined)
(label group_labeled already defined)
(label subgroup_labeled already defined)
(label mne_type already defined)
(label province already defined)
(label _merge already defined)
(label ImpExpIndicator already defined)
(label subactivity already defined)
(label sezloc already defined)
(label yes_no already defined)
(label taxprac_ind already defined)
(label c_pymntelmn already defined)
(label c_mkelection already defined)
(label c_pyannmnthprm already defined)
(label c_sllsebckagr already defined)
(label c_crssbrdrtrns already defined)
(label c_fnclssres already defined)
(label tpsi_chtpdind already defined)
(label tpsi_afcpind already defined)
(label c_crdtdrctr already defined)
(label c_rotpymnts already defined)
(label c_chngmrktbleq already defined)
(label c_empdireqty already defined)
(label c_rrngmntinctxact already defined)
(label c_rcvbnftinctxact already defined)
(label c_cmpnymnngact already defined)
(label c_cmmssnemp already defined)
(label c_empexptr already defined)
(label c_rcvgfts already defined)
(label c_prchsgngcncrn already defined)
(label c_rd_gvtgrnt already defined)
(label c_rd_qstndst already defined)
(label c_trctns42_47 already defined)
(label c_ffshrsstnc already defined)
(label c_shrtins already defined)
(label sic_5d already defined)
(label sic_1d already defined)
(label sic_2d already defined)
(label sic_3d already defined)
(label sic_4d already defined)
(label majordivision_labeled already defined)
(label division_labeled already defined)
(label majorgroup_labeled already defined)
(label group_labeled already defined)
(label subgroup_labeled already defined)
(label mne_type already defined)
(label province already defined)
(label _merge already defined)
(label ImpExpIndicator already defined)
(label subactivity already defined)
(label sezloc already defined)
(label yes_no already defined)
(label taxprac_ind already defined)
(label c_pymntelmn already defined)
(label c_mkelection already defined)
(label c_pyannmnthprm already defined)
(label c_sllsebckagr already defined)
(label c_crssbrdrtrns already defined)
(label c_fnclssres already defined)
(label tpsi_chtpdind already defined)
(label tpsi_afcpind already defined)
(label c_crdtdrctr already defined)
(label c_rotpymnts already defined)
(label c_chngmrktbleq already defined)
(label c_empdireqty already defined)
(label c_rrngmntinctxact already defined)
(label c_rcvbnftinctxact already defined)
(label c_cmpnymnngact already defined)
(label c_cmmssnemp already defined)
(label c_empexptr already defined)
(label c_rcvgfts already defined)
(label c_prchsgngcncrn already defined)
(label c_rd_gvtgrnt already defined)
(label c_rd_qstndst already defined)
(label c_trctns42_47 already defined)
(label c_ffshrsstnc already defined)
(label c_shrtins already defined)
(label sic_5d already defined)
(label sic_1d already defined)
(label sic_2d already defined)
(label sic_3d already defined)
(label sic_4d already defined)
(label majordivision_labeled already defined)
(label division_labeled already defined)
(label majorgroup_labeled already defined)
(label group_labeled already defined)
(label subgroup_labeled already defined)
(label mne_type already defined)
(label province already defined)
(label _merge already defined)
(label ImpExpIndicator already defined)
(label subactivity already defined)
(label sezloc already defined)
(label yes_no already defined)
(label taxprac_ind already defined)
(label c_pymntelmn already defined)
(label c_mkelection already defined)
(label c_pyannmnthprm already defined)
(label c_sllsebckagr already defined)
(label c_crssbrdrtrns already defined)
(label c_fnclssres already defined)
(label tpsi_chtpdind already defined)
(label tpsi_afcpind already defined)
(label c_crdtdrctr already defined)
(label c_rotpymnts already defined)
(label c_chngmrktbleq already defined)
(label c_empdireqty already defined)
(label c_rrngmntinctxact already defined)
(label c_rcvbnftinctxact already defined)
(label c_cmpnymnngact already defined)
(label c_cmmssnemp already defined)
(label c_empexptr already defined)
(label c_rcvgfts already defined)
(label c_prchsgngcncrn already defined)
(label c_rd_gvtgrnt already defined)
(label c_rd_qstndst already defined)
(label c_trctns42_47 already defined)
(label c_ffshrsstnc already defined)
(label c_shrtins already defined)
(label sic_5d already defined)
(label sic_1d already defined)
(label sic_2d already defined)
(label sic_3d already defined)
(label sic_4d already defined)
(label majordivision_labeled already defined)
(label division_labeled already defined)
(label majorgroup_labeled already defined)
(label group_labeled already defined)
(label subgroup_labeled already defined)
(label mne_type already defined)
(label province already defined)
(label _merge already defined)
(label ImpExpIndicator already defined)
(label subactivity already defined)
(label sezloc already defined)
(label yes_no already defined)
(label taxprac_ind already defined)
(label c_pymntelmn already defined)
(label c_mkelection already defined)
(label c_pyannmnthprm already defined)
(label c_sllsebckagr already defined)
(label c_crssbrdrtrns already defined)
(label c_fnclssres already defined)
(label tpsi_chtpdind already defined)
(label tpsi_afcpind already defined)
(label c_crdtdrctr already defined)
(label c_rotpymnts already defined)
(label c_chngmrktbleq already defined)
(label c_empdireqty already defined)
(label c_rrngmntinctxact already defined)
(label c_rcvbnftinctxact already defined)
(label c_cmpnymnngact already defined)
(label c_cmmssnemp already defined)
(label c_empexptr already defined)
(label c_rcvgfts already defined)
(label c_prchsgngcncrn already defined)
(label c_rd_gvtgrnt already defined)
(label c_rd_qstndst already defined)
(label c_trctns42_47 already defined)
(label c_ffshrsstnc already defined)
(label c_shrtins already defined)
(label sic_5d already defined)
(label sic_1d already defined)
(label sic_2d already defined)
(label sic_3d already defined)
(label sic_4d already defined)
(label majordivision_labeled already defined)
(label division_labeled already defined)
(label majorgroup_labeled already defined)
(label group_labeled already defined)
(label subgroup_labeled already defined)
(label mne_type already defined)
(label province already defined)
(label _merge already defined)
(label ImpExpIndicator already defined)
(label subactivity already defined)
(label sezloc already defined)
(label yes_no already defined)
(label taxprac_ind already defined)
(label c_pymntelmn already defined)
(label c_mkelection already defined)
(label c_pyannmnthprm already defined)
(label c_sllsebckagr already defined)
(label c_crssbrdrtrns already defined)
(label c_fnclssres already defined)
(label tpsi_chtpdind already defined)
(label tpsi_afcpind already defined)
(label c_crdtdrctr already defined)
(label c_rotpymnts already defined)
(label c_chngmrktbleq already defined)
(label c_empdireqty already defined)
(label c_rrngmntinctxact already defined)
(label c_rcvbnftinctxact already defined)
(label c_cmpnymnngact already defined)
(label c_cmmssnemp already defined)
(label c_empexptr already defined)
(label c_rcvgfts already defined)
(label c_prchsgngcncrn already defined)
(label c_rd_gvtgrnt already defined)
(label c_rd_qstndst already defined)
(label c_trctns42_47 already defined)
(label c_ffshrsstnc already defined)
(label c_shrtins already defined)
(label sic_5d already defined)
(label sic_1d already defined)
(label sic_2d already defined)
(label sic_3d already defined)
(label sic_4d already defined)
(label majordivision_labeled already defined)
(label division_labeled already defined)
(label majorgroup_labeled already defined)
(label group_labeled already defined)
(label subgroup_labeled already defined)
(label mne_type already defined)
(label province already defined)
(label _merge already defined)
(label ImpExpIndicator already defined)
(label subactivity already defined)
(label sezloc already defined)
(label yes_no already defined)
(label taxprac_ind already defined)
(label c_pymntelmn already defined)
(label c_mkelection already defined)
(label c_pyannmnthprm already defined)
(label c_sllsebckagr already defined)
(label c_crssbrdrtrns already defined)
(label c_fnclssres already defined)
(label tpsi_chtpdind already defined)
(label tpsi_afcpind already defined)
(label c_crdtdrctr already defined)
(label c_rotpymnts already defined)
(label c_chngmrktbleq already defined)
(label c_empdireqty already defined)
(label c_rrngmntinctxact already defined)
(label c_rcvbnftinctxact already defined)
(label c_cmpnymnngact already defined)
(label c_cmmssnemp already defined)
(label c_empexptr already defined)
(label c_rcvgfts already defined)
(label c_prchsgngcncrn already defined)
(label c_rd_gvtgrnt already defined)
(label c_rd_qstndst already defined)
(label c_trctns42_47 already defined)
(label c_ffshrsstnc already defined)
(label c_shrtins already defined)
(label sic_5d already defined)
(label sic_1d already defined)
(label sic_2d already defined)
(label sic_3d already defined)
(label sic_4d already defined)
(label majordivision_labeled already defined)
(label division_labeled already defined)
(label majorgroup_labeled already defined)
(label group_labeled already defined)
(label subgroup_labeled already defined)
(label mne_type already defined)
(label province already defined)

. 
. save "$saveaddress_data\merged_ind_panel", replace 
file F:\michael\2023 VERSION\minimum wage paper\data\\merged_ind_panel.dta
    saved

. cap log close 
